[2024-09-03 21:20:31.650] [debug] Try expanding: $XDG_CONFIG_HOME/waybar/config
[2024-09-03 21:20:31.650] [debug] Try expanding: $XDG_CONFIG_HOME/waybar/config.jsonc
[2024-09-03 21:20:31.650] [debug] Try expanding: $HOME/.config/waybar/config
[2024-09-03 21:20:31.650] [debug] Try expanding: $HOME/.config/waybar/config.jsonc
[2024-09-03 21:20:31.650] [debug] Found config file: $HOME/.config/waybar/config.jsonc
[2024-09-03 21:20:31.650] [info] Using configuration file /home/ben/.config/waybar/config.jsonc
[2024-09-03 21:20:31.713] [info] Unable to receive desktop appearance: GDBus.Error:org.freedesktop.DBus.Error.UnknownMethod: No such interface “org.freedesktop.portal.Settings” on object at path /org/freedesktop/portal/desktop
[2024-09-03 21:20:31.713] [debug] Try expanding: $XDG_CONFIG_HOME/waybar/style.css
[2024-09-03 21:20:31.713] [debug] Try expanding: $HOME/.config/waybar/style.css
[2024-09-03 21:20:31.713] [debug] Found config file: $HOME/.config/waybar/style.css
[2024-09-03 21:20:31.713] [info] Using CSS file /home/ben/.config/waybar/style.css
[2024-09-03 21:20:31.750] [debug] Output detection done: eDP-1 (AU Optronics 0x1F92 )
[2024-09-03 21:20:31.756] [debug] window-rewrite is not defined or is not an object, using default rules.
[2024-09-03 21:20:31.756] [info] Hyprland IPC starting
[2024-09-03 21:20:31.758] [debug] Initializing workspaces
[2024-09-03 21:20:31.758] [debug] Initializing persistent workspaces
[2024-09-03 21:20:31.758] [info] Loading persistent workspaces from Hyprland workspace rules
[2024-09-03 21:20:31.759] [debug] Use custom icon theme: Papirus
[2024-09-03 21:20:31.845] [debug] network: new default route via 10.0.0.1 on if2 metric 600
[2024-09-03 21:20:31.846] [debug] network: wlp2s0, new addr 10.0.0.175/24
[2024-09-03 21:20:31.846] [debug] network: wlp2s0, new addr 10.0.0.175/24
[2024-09-03 21:20:31.846] [debug] hyprland IPC received openlayer>>hyprpaper
[2024-09-03 21:20:31.864] [debug] GTK widget tree:
window#waybar.background.top.empty.eDP-1..mode-default:dir(ltr)
  decoration:dir(ltr)
  box.horizontal:dir(ltr)
    box.horizontal.modules-left:dir(ltr)
      widget:dir(ltr)
        box#hardware.horizontal:dir(ltr)
          widget:dir(ltr)
            label#battery.module:dir(ltr)
          revealer.drawer:dir(ltr)
            box.horizontal:dir(ltr)
              widget.hardware:dir(ltr)
                label#power-profiles-daemon.module:dir(ltr)
              widget.hardware:dir(ltr)
                label#temperature.module:dir(ltr)
              widget.hardware:dir(ltr)
                label#cpu.module:dir(ltr)
              widget.hardware:dir(ltr)
                label#memory.module:dir(ltr)
              widget.hardware:dir(ltr)
                label#backlight.module:dir(ltr)
      widget:dir(ltr)
        box#workspaces.horizontal.module:dir(ltr)
      widget:dir(ltr)
        box#taskbar.horizontal.empty.module:dir(ltr)
      widget:dir(ltr)
        box#window.horizontal.module:dir(ltr)
          image:dir(ltr)
          label:dir(ltr)
    box.horizontal.modules-center:dir(ltr)
      widget:dir(ltr)
        label#mpris.module:dir(ltr)
    box.horizontal.modules-right:dir(ltr)
      widget:dir(ltr)
        label#custom-weather.module:dir(ltr)
      widget:dir(ltr)
        label#pulseaudio.module:dir(ltr)
      widget:dir(ltr)
        label#network.module:dir(ltr)
      widget:dir(ltr)
        label#clock.module:dir(ltr)
      widget:dir(ltr)
        box#tray.horizontal.module:dir(ltr)
      widget:dir(ltr)
        box#group_power.horizontal:dir(ltr)
          revealer.drawer:dir(ltr)
            box.horizontal:dir(ltr)
              widget.not-power:dir(ltr)
                label#custom-quit.module:dir(ltr)
              widget.not-power:dir(ltr)
                label#custom-lock.module:dir(ltr)
              widget.not-power:dir(ltr)
                label#custom-reboot.module:dir(ltr)
          widget:dir(ltr)
            label#custom-power.module:dir(ltr)

[2024-09-03 21:20:31.915] [debug] mpris: name-appeared callback: playerctld
[2024-09-03 21:20:32.027] [debug] Creating workspace 1
[2024-09-03 21:20:32.054] [info] Bar configured (width: 1920, height: 35) for output: eDP-1
[2024-09-03 21:20:32.057] [debug] hyprland IPC received openlayer>>waybar
[2024-09-03 21:20:35.812] [debug] hyprland IPC received windowtitle>>55b83cf731e0
[2024-09-03 21:20:35.813] [debug] hyprland IPC received windowtitlev2>>55b83cf731e0,Accountable2You
[2024-09-03 21:20:35.823] [debug] hyprland IPC received urgent>>55b83cf731e0
[2024-09-03 21:20:35.832] [debug] hyprland IPC received activewindow>>Accountable2You,Accountable2You
[2024-09-03 21:20:35.834] [debug] Task (0) setting app_id to unknown
[2024-09-03 21:20:35.834] [debug] Using 'desktop' search path prefix: 
[2024-09-03 21:20:35.834] [debug] Using 'desktop' search path prefix: /home/ben/.local/share/
[2024-09-03 21:20:35.834] [debug] Using 'desktop' search path prefix: /home/ben/.local/share/flatpak/exports/share/
[2024-09-03 21:20:35.834] [debug] Using 'desktop' search path prefix: /var/lib/flatpak/exports/share/
[2024-09-03 21:20:35.834] [debug] Using 'desktop' search path prefix: /usr/local/share/
[2024-09-03 21:20:35.834] [debug] Using 'desktop' search path prefix: /usr/share/
[2024-09-03 21:20:35.834] [debug] Using 'desktop' search path prefix: /var/lib/snapd/desktop/
[2024-09-03 21:20:35.835] [debug] hyprland IPC received activewindowv2>>55b83cf731e0
[2024-09-03 21:20:35.836] [debug] hyprland IPC received openwindow>>55b83cf731e0,1,Accountable2You,Accountable2You
[2024-09-03 21:20:35.915] [debug] Task (0)  [unknown] <amif> Loaded icon 'unknown'
[2024-09-03 21:20:35.915] [debug] Task (0) overwriting app_id 'unknown' with 'Accountable2You'
[2024-09-03 21:20:35.917] [debug] Task (0)  [Accountable2You] <amif> Loaded icon from file '/var/lib/snapd/snap/accountable2you/165/meta/gui/icon.svg'
[2024-09-03 21:20:35.917] [debug] Task (0) Accountable2You [Accountable2You] <amif> entered output 0x560f5d2868a0
[2024-09-03 21:20:35.917] [debug] Task (0) Accountable2You [Accountable2You] <amif> now visible on eDP-1
[2024-09-03 21:20:35.917] [debug] Task (0) Accountable2You [Accountable2You] <Amif> changed
[2024-09-03 21:20:40.245] [debug] hyprland IPC received closewindow>>55b83cf731e0
[2024-09-03 21:20:40.248] [debug] Task (0) Accountable2You [Accountable2You] <Amif> closed
[2024-09-03 21:20:40.250] [debug] hyprland IPC received activewindow>>,
[2024-09-03 21:20:40.251] [debug] hyprland IPC received activewindowv2>>
[2024-09-03 21:20:45.320] [debug] hyprland IPC received windowtitle>>55b83cfb37c0
[2024-09-03 21:20:45.321] [debug] hyprland IPC received windowtitlev2>>55b83cfb37c0,kitty
[2024-09-03 21:20:45.321] [debug] Task (1) setting app_id to unknown
[2024-09-03 21:20:45.322] [debug] hyprland IPC received activewindow>>kitty,kitty
[2024-09-03 21:20:45.323] [debug] Task (1)  [unknown] <amif> Loaded icon 'unknown'
[2024-09-03 21:20:45.323] [debug] Task (1) overwriting app_id 'unknown' with 'kitty'
[2024-09-03 21:20:45.324] [debug] hyprland IPC received activewindowv2>>55b83cfb37c0
[2024-09-03 21:20:45.326] [debug] hyprland IPC received openwindow>>55b83cfb37c0,1,kitty,kitty
[2024-09-03 21:20:45.326] [debug] Task (1)  [kitty] <amif> Loaded icon 'kitty'
[2024-09-03 21:20:45.326] [debug] Task (1) kitty [kitty] <amif> entered output 0x560f5d2868a0
[2024-09-03 21:20:45.326] [debug] Task (1) kitty [kitty] <amif> now visible on eDP-1
[2024-09-03 21:20:45.327] [debug] Task (1) kitty [kitty] <Amif> changed
[2024-09-03 21:20:45.419] [debug] hyprland IPC received windowtitle>>55b83cfb37c0
[2024-09-03 21:20:45.420] [debug] Task (1) zsh [kitty] <Amif> changed
[2024-09-03 21:20:45.420] [debug] Task (1) zsh [kitty] <Amif> changed
[2024-09-03 21:20:45.420] [debug] Task (1) zsh [kitty] <Amif> changed
[2024-09-03 21:20:45.420] [debug] hyprland IPC received windowtitlev2>>55b83cfb37c0,zsh
[2024-09-03 21:20:45.421] [debug] hyprland IPC received activewindow>>kitty,zsh
[2024-09-03 21:20:45.423] [debug] hyprland IPC received activewindowv2>>55b83cfb37c0
[2024-09-03 21:20:56.962] [debug] Received SIGCHLD in signalThread
[2024-09-03 21:20:56.962] [debug] Cmd exited with code 0
